[2019-11-12 06:40:36] local.ERROR: Symfony\Component\Debug\Exception\FatalThrowableError: Call to undefined function str_random() in C:\xampp\htdocs\GitHub\ws_lumen\routes\web.php:19
Stack trace:
#0 [internal function]: Closure->{closure}()
#1 C:\xampp\htdocs\GitHub\ws_lumen\vendor\illuminate\container\BoundMethod.php(32): call_user_func_array(Object(Closure), Array)
#2 C:\xampp\htdocs\GitHub\ws_lumen\vendor\illuminate\support\helpers.php(520): Illuminate\Container\BoundMethod::Illuminate\Container\{closure}()
#3 C:\xampp\htdocs\GitHub\ws_lumen\vendor\illuminate\container\BoundMethod.php(78): value(Object(Closure))
#4 C:\xampp\htdocs\GitHub\ws_lumen\vendor\illuminate\container\BoundMethod.php(34): Illuminate\Container\BoundMethod::callBoundMethod(Object(Laravel\Lumen\Application), Object(Closure), Object(Closure))
#5 C:\xampp\htdocs\GitHub\ws_lumen\vendor\illuminate\container\Container.php(591): Illuminate\Container\BoundMethod::call(Object(Laravel\Lumen\Application), Object(Closure), Array, NULL)
#6 C:\xampp\htdocs\GitHub\ws_lumen\vendor\laravel\lumen-framework\src\Concerns\RoutesRequests.php(289): Illuminate\Container\Container->call(Object(Closure), Array)
#7 C:\xampp\htdocs\GitHub\ws_lumen\vendor\laravel\lumen-framework\src\Concerns\RoutesRequests.php(263): Laravel\Lumen\Application->callActionOnArrayBasedRoute(Array)
#8 C:\xampp\htdocs\GitHub\ws_lumen\vendor\laravel\lumen-framework\src\Concerns\RoutesRequests.php(165): Laravel\Lumen\Application->handleFoundRoute(Array)
#9 C:\xampp\htdocs\GitHub\ws_lumen\vendor\laravel\lumen-framework\src\Concerns\RoutesRequests.php(416): Laravel\Lumen\Application->Laravel\Lumen\Concerns\{closure}(Object(Laravel\Lumen\Http\Request))
#10 C:\xampp\htdocs\GitHub\ws_lumen\vendor\laravel\lumen-framework\src\Concerns\RoutesRequests.php(171): Laravel\Lumen\Application->sendThroughPipeline(Array, Object(Closure))
#11 C:\xampp\htdocs\GitHub\ws_lumen\vendor\laravel\lumen-framework\src\Concerns\RoutesRequests.php(108): Laravel\Lumen\Application->dispatch(NULL)
#12 C:\xampp\htdocs\GitHub\ws_lumen\public\index.php(28): Laravel\Lumen\Application->run()
#13 {main} {"exception":"[object] (Symfony\\Component\\Debug\\Exception\\FatalThrowableError(code: 0): Call to undefined function str_random() at C:\\xampp\\htdocs\\GitHub\\ws_lumen\outes\\web.php:19)
[stacktrace]
#0 [internal function]: Closure->{closure}()
#1 C:\\xampp\\htdocs\\GitHub\\ws_lumen\\vendor\\illuminate\\container\\BoundMethod.php(32): call_user_func_array(Object(Closure), Array)
#2 C:\\xampp\\htdocs\\GitHub\\ws_lumen\\vendor\\illuminate\\support\\helpers.php(520): Illuminate\\Container\\BoundMethod::Illuminate\\Container\\{closure}()
#3 C:\\xampp\\htdocs\\GitHub\\ws_lumen\\vendor\\illuminate\\container\\BoundMethod.php(78): value(Object(Closure))
#4 C:\\xampp\\htdocs\\GitHub\\ws_lumen\\vendor\\illuminate\\container\\BoundMethod.php(34): Illuminate\\Container\\BoundMethod::callBoundMethod(Object(Laravel\\Lumen\\Application), Object(Closure), Object(Closure))
#5 C:\\xampp\\htdocs\\GitHub\\ws_lumen\\vendor\\illuminate\\container\\Container.php(591): Illuminate\\Container\\BoundMethod::call(Object(Laravel\\Lumen\\Application), Object(Closure), Array, NULL)
#6 C:\\xampp\\htdocs\\GitHub\\ws_lumen\\vendor\\laravel\\lumen-framework\\src\\Concerns\\RoutesRequests.php(289): Illuminate\\Container\\Container->call(Object(Closure), Array)
#7 C:\\xampp\\htdocs\\GitHub\\ws_lumen\\vendor\\laravel\\lumen-framework\\src\\Concerns\\RoutesRequests.php(263): Laravel\\Lumen\\Application->callActionOnArrayBasedRoute(Array)
#8 C:\\xampp\\htdocs\\GitHub\\ws_lumen\\vendor\\laravel\\lumen-framework\\src\\Concerns\\RoutesRequests.php(165): Laravel\\Lumen\\Application->handleFoundRoute(Array)
#9 C:\\xampp\\htdocs\\GitHub\\ws_lumen\\vendor\\laravel\\lumen-framework\\src\\Concerns\\RoutesRequests.php(416): Laravel\\Lumen\\Application->Laravel\\Lumen\\Concerns\\{closure}(Object(Laravel\\Lumen\\Http\\Request))
#10 C:\\xampp\\htdocs\\GitHub\\ws_lumen\\vendor\\laravel\\lumen-framework\\src\\Concerns\\RoutesRequests.php(171): Laravel\\Lumen\\Application->sendThroughPipeline(Array, Object(Closure))
#11 C:\\xampp\\htdocs\\GitHub\\ws_lumen\\vendor\\laravel\\lumen-framework\\src\\Concerns\\RoutesRequests.php(108): Laravel\\Lumen\\Application->dispatch(NULL)
#12 C:\\xampp\\htdocs\\GitHub\\ws_lumen\\public\\index.php(28): Laravel\\Lumen\\Application->run()
#13 {main}
"} 
[2019-11-12 06:40:55] local.ERROR: Symfony\Component\Debug\Exception\FatalThrowableError: Call to undefined function str_random() in C:\xampp\htdocs\GitHub\ws_lumen\routes\web.php:19
Stack trace:
#0 [internal function]: Closure->{closure}()
#1 C:\xampp\htdocs\GitHub\ws_lumen\vendor\illuminate\container\BoundMethod.php(32): call_user_func_array(Object(Closure), Array)
#2 C:\xampp\htdocs\GitHub\ws_lumen\vendor\illuminate\support\helpers.php(520): Illuminate\Container\BoundMethod::Illuminate\Container\{closure}()
#3 C:\xampp\htdocs\GitHub\ws_lumen\vendor\illuminate\container\BoundMethod.php(78): value(Object(Closure))
#4 C:\xampp\htdocs\GitHub\ws_lumen\vendor\illuminate\container\BoundMethod.php(34): Illuminate\Container\BoundMethod::callBoundMethod(Object(Laravel\Lumen\Application), Object(Closure), Object(Closure))
#5 C:\xampp\htdocs\GitHub\ws_lumen\vendor\illuminate\container\Container.php(591): Illuminate\Container\BoundMethod::call(Object(Laravel\Lumen\Application), Object(Closure), Array, NULL)
#6 C:\xampp\htdocs\GitHub\ws_lumen\vendor\laravel\lumen-framework\src\Concerns\RoutesRequests.php(289): Illuminate\Container\Container->call(Object(Closure), Array)
#7 C:\xampp\htdocs\GitHub\ws_lumen\vendor\laravel\lumen-framework\src\Concerns\RoutesRequests.php(263): Laravel\Lumen\Application->callActionOnArrayBasedRoute(Array)
#8 C:\xampp\htdocs\GitHub\ws_lumen\vendor\laravel\lumen-framework\src\Concerns\RoutesRequests.php(165): Laravel\Lumen\Application->handleFoundRoute(Array)
#9 C:\xampp\htdocs\GitHub\ws_lumen\vendor\laravel\lumen-framework\src\Concerns\RoutesRequests.php(416): Laravel\Lumen\Application->Laravel\Lumen\Concerns\{closure}(Object(Laravel\Lumen\Http\Request))
#10 C:\xampp\htdocs\GitHub\ws_lumen\vendor\laravel\lumen-framework\src\Concerns\RoutesRequests.php(171): Laravel\Lumen\Application->sendThroughPipeline(Array, Object(Closure))
#11 C:\xampp\htdocs\GitHub\ws_lumen\vendor\laravel\lumen-framework\src\Concerns\RoutesRequests.php(108): Laravel\Lumen\Application->dispatch(NULL)
#12 C:\xampp\htdocs\GitHub\ws_lumen\public\index.php(28): Laravel\Lumen\Application->run()
#13 {main} {"exception":"[object] (Symfony\\Component\\Debug\\Exception\\FatalThrowableError(code: 0): Call to undefined function str_random() at C:\\xampp\\htdocs\\GitHub\\ws_lumen\outes\\web.php:19)
[stacktrace]
#0 [internal function]: Closure->{closure}()
#1 C:\\xampp\\htdocs\\GitHub\\ws_lumen\\vendor\\illuminate\\container\\BoundMethod.php(32): call_user_func_array(Object(Closure), Array)
#2 C:\\xampp\\htdocs\\GitHub\\ws_lumen\\vendor\\illuminate\\support\\helpers.php(520): Illuminate\\Container\\BoundMethod::Illuminate\\Container\\{closure}()
#3 C:\\xampp\\htdocs\\GitHub\\ws_lumen\\vendor\\illuminate\\container\\BoundMethod.php(78): value(Object(Closure))
#4 C:\\xampp\\htdocs\\GitHub\\ws_lumen\\vendor\\illuminate\\container\\BoundMethod.php(34): Illuminate\\Container\\BoundMethod::callBoundMethod(Object(Laravel\\Lumen\\Application), Object(Closure), Object(Closure))
#5 C:\\xampp\\htdocs\\GitHub\\ws_lumen\\vendor\\illuminate\\container\\Container.php(591): Illuminate\\Container\\BoundMethod::call(Object(Laravel\\Lumen\\Application), Object(Closure), Array, NULL)
#6 C:\\xampp\\htdocs\\GitHub\\ws_lumen\\vendor\\laravel\\lumen-framework\\src\\Concerns\\RoutesRequests.php(289): Illuminate\\Container\\Container->call(Object(Closure), Array)
#7 C:\\xampp\\htdocs\\GitHub\\ws_lumen\\vendor\\laravel\\lumen-framework\\src\\Concerns\\RoutesRequests.php(263): Laravel\\Lumen\\Application->callActionOnArrayBasedRoute(Array)
#8 C:\\xampp\\htdocs\\GitHub\\ws_lumen\\vendor\\laravel\\lumen-framework\\src\\Concerns\\RoutesRequests.php(165): Laravel\\Lumen\\Application->handleFoundRoute(Array)
#9 C:\\xampp\\htdocs\\GitHub\\ws_lumen\\vendor\\laravel\\lumen-framework\\src\\Concerns\\RoutesRequests.php(416): Laravel\\Lumen\\Application->Laravel\\Lumen\\Concerns\\{closure}(Object(Laravel\\Lumen\\Http\\Request))
#10 C:\\xampp\\htdocs\\GitHub\\ws_lumen\\vendor\\laravel\\lumen-framework\\src\\Concerns\\RoutesRequests.php(171): Laravel\\Lumen\\Application->sendThroughPipeline(Array, Object(Closure))
#11 C:\\xampp\\htdocs\\GitHub\\ws_lumen\\vendor\\laravel\\lumen-framework\\src\\Concerns\\RoutesRequests.php(108): Laravel\\Lumen\\Application->dispatch(NULL)
#12 C:\\xampp\\htdocs\\GitHub\\ws_lumen\\public\\index.php(28): Laravel\\Lumen\\Application->run()
#13 {main}
"} 
[2019-11-12 06:40:56] local.ERROR: Symfony\Component\Debug\Exception\FatalThrowableError: Call to undefined function str_random() in C:\xampp\htdocs\GitHub\ws_lumen\routes\web.php:19
Stack trace:
#0 [internal function]: Closure->{closure}()
#1 C:\xampp\htdocs\GitHub\ws_lumen\vendor\illuminate\container\BoundMethod.php(32): call_user_func_array(Object(Closure), Array)
#2 C:\xampp\htdocs\GitHub\ws_lumen\vendor\illuminate\support\helpers.php(520): Illuminate\Container\BoundMethod::Illuminate\Container\{closure}()
#3 C:\xampp\htdocs\GitHub\ws_lumen\vendor\illuminate\container\BoundMethod.php(78): value(Object(Closure))
#4 C:\xampp\htdocs\GitHub\ws_lumen\vendor\illuminate\container\BoundMethod.php(34): Illuminate\Container\BoundMethod::callBoundMethod(Object(Laravel\Lumen\Application), Object(Closure), Object(Closure))
#5 C:\xampp\htdocs\GitHub\ws_lumen\vendor\illuminate\container\Container.php(591): Illuminate\Container\BoundMethod::call(Object(Laravel\Lumen\Application), Object(Closure), Array, NULL)
#6 C:\xampp\htdocs\GitHub\ws_lumen\vendor\laravel\lumen-framework\src\Concerns\RoutesRequests.php(289): Illuminate\Container\Container->call(Object(Closure), Array)
#7 C:\xampp\htdocs\GitHub\ws_lumen\vendor\laravel\lumen-framework\src\Concerns\RoutesRequests.php(263): Laravel\Lumen\Application->callActionOnArrayBasedRoute(Array)
#8 C:\xampp\htdocs\GitHub\ws_lumen\vendor\laravel\lumen-framework\src\Concerns\RoutesRequests.php(165): Laravel\Lumen\Application->handleFoundRoute(Array)
#9 C:\xampp\htdocs\GitHub\ws_lumen\vendor\laravel\lumen-framework\src\Concerns\RoutesRequests.php(416): Laravel\Lumen\Application->Laravel\Lumen\Concerns\{closure}(Object(Laravel\Lumen\Http\Request))
#10 C:\xampp\htdocs\GitHub\ws_lumen\vendor\laravel\lumen-framework\src\Concerns\RoutesRequests.php(171): Laravel\Lumen\Application->sendThroughPipeline(Array, Object(Closure))
#11 C:\xampp\htdocs\GitHub\ws_lumen\vendor\laravel\lumen-framework\src\Concerns\RoutesRequests.php(108): Laravel\Lumen\Application->dispatch(NULL)
#12 C:\xampp\htdocs\GitHub\ws_lumen\public\index.php(28): Laravel\Lumen\Application->run()
#13 {main} {"exception":"[object] (Symfony\\Component\\Debug\\Exception\\FatalThrowableError(code: 0): Call to undefined function str_random() at C:\\xampp\\htdocs\\GitHub\\ws_lumen\outes\\web.php:19)
[stacktrace]
#0 [internal function]: Closure->{closure}()
#1 C:\\xampp\\htdocs\\GitHub\\ws_lumen\\vendor\\illuminate\\container\\BoundMethod.php(32): call_user_func_array(Object(Closure), Array)
#2 C:\\xampp\\htdocs\\GitHub\\ws_lumen\\vendor\\illuminate\\support\\helpers.php(520): Illuminate\\Container\\BoundMethod::Illuminate\\Container\\{closure}()
#3 C:\\xampp\\htdocs\\GitHub\\ws_lumen\\vendor\\illuminate\\container\\BoundMethod.php(78): value(Object(Closure))
#4 C:\\xampp\\htdocs\\GitHub\\ws_lumen\\vendor\\illuminate\\container\\BoundMethod.php(34): Illuminate\\Container\\BoundMethod::callBoundMethod(Object(Laravel\\Lumen\\Application), Object(Closure), Object(Closure))
#5 C:\\xampp\\htdocs\\GitHub\\ws_lumen\\vendor\\illuminate\\container\\Container.php(591): Illuminate\\Container\\BoundMethod::call(Object(Laravel\\Lumen\\Application), Object(Closure), Array, NULL)
#6 C:\\xampp\\htdocs\\GitHub\\ws_lumen\\vendor\\laravel\\lumen-framework\\src\\Concerns\\RoutesRequests.php(289): Illuminate\\Container\\Container->call(Object(Closure), Array)
#7 C:\\xampp\\htdocs\\GitHub\\ws_lumen\\vendor\\laravel\\lumen-framework\\src\\Concerns\\RoutesRequests.php(263): Laravel\\Lumen\\Application->callActionOnArrayBasedRoute(Array)
#8 C:\\xampp\\htdocs\\GitHub\\ws_lumen\\vendor\\laravel\\lumen-framework\\src\\Concerns\\RoutesRequests.php(165): Laravel\\Lumen\\Application->handleFoundRoute(Array)
#9 C:\\xampp\\htdocs\\GitHub\\ws_lumen\\vendor\\laravel\\lumen-framework\\src\\Concerns\\RoutesRequests.php(416): Laravel\\Lumen\\Application->Laravel\\Lumen\\Concerns\\{closure}(Object(Laravel\\Lumen\\Http\\Request))
#10 C:\\xampp\\htdocs\\GitHub\\ws_lumen\\vendor\\laravel\\lumen-framework\\src\\Concerns\\RoutesRequests.php(171): Laravel\\Lumen\\Application->sendThroughPipeline(Array, Object(Closure))
#11 C:\\xampp\\htdocs\\GitHub\\ws_lumen\\vendor\\laravel\\lumen-framework\\src\\Concerns\\RoutesRequests.php(108): Laravel\\Lumen\\Application->dispatch(NULL)
#12 C:\\xampp\\htdocs\\GitHub\\ws_lumen\\public\\index.php(28): Laravel\\Lumen\\Application->run()
#13 {main}
"} 
[2019-11-12 06:40:56] local.ERROR: Symfony\Component\Debug\Exception\FatalThrowableError: Call to undefined function str_random() in C:\xampp\htdocs\GitHub\ws_lumen\routes\web.php:19
Stack trace:
#0 [internal function]: Closure->{closure}()
#1 C:\xampp\htdocs\GitHub\ws_lumen\vendor\illuminate\container\BoundMethod.php(32): call_user_func_array(Object(Closure), Array)
#2 C:\xampp\htdocs\GitHub\ws_lumen\vendor\illuminate\support\helpers.php(520): Illuminate\Container\BoundMethod::Illuminate\Container\{closure}()
#3 C:\xampp\htdocs\GitHub\ws_lumen\vendor\illuminate\container\BoundMethod.php(78): value(Object(Closure))
#4 C:\xampp\htdocs\GitHub\ws_lumen\vendor\illuminate\container\BoundMethod.php(34): Illuminate\Container\BoundMethod::callBoundMethod(Object(Laravel\Lumen\Application), Object(Closure), Object(Closure))
#5 C:\xampp\htdocs\GitHub\ws_lumen\vendor\illuminate\container\Container.php(591): Illuminate\Container\BoundMethod::call(Object(Laravel\Lumen\Application), Object(Closure), Array, NULL)
#6 C:\xampp\htdocs\GitHub\ws_lumen\vendor\laravel\lumen-framework\src\Concerns\RoutesRequests.php(289): Illuminate\Container\Container->call(Object(Closure), Array)
#7 C:\xampp\htdocs\GitHub\ws_lumen\vendor\laravel\lumen-framework\src\Concerns\RoutesRequests.php(263): Laravel\Lumen\Application->callActionOnArrayBasedRoute(Array)
#8 C:\xampp\htdocs\GitHub\ws_lumen\vendor\laravel\lumen-framework\src\Concerns\RoutesRequests.php(165): Laravel\Lumen\Application->handleFoundRoute(Array)
#9 C:\xampp\htdocs\GitHub\ws_lumen\vendor\laravel\lumen-framework\src\Concerns\RoutesRequests.php(416): Laravel\Lumen\Application->Laravel\Lumen\Concerns\{closure}(Object(Laravel\Lumen\Http\Request))
#10 C:\xampp\htdocs\GitHub\ws_lumen\vendor\laravel\lumen-framework\src\Concerns\RoutesRequests.php(171): Laravel\Lumen\Application->sendThroughPipeline(Array, Object(Closure))
#11 C:\xampp\htdocs\GitHub\ws_lumen\vendor\laravel\lumen-framework\src\Concerns\RoutesRequests.php(108): Laravel\Lumen\Application->dispatch(NULL)
#12 C:\xampp\htdocs\GitHub\ws_lumen\public\index.php(28): Laravel\Lumen\Application->run()
#13 {main} {"exception":"[object] (Symfony\\Component\\Debug\\Exception\\FatalThrowableError(code: 0): Call to undefined function str_random() at C:\\xampp\\htdocs\\GitHub\\ws_lumen\outes\\web.php:19)
[stacktrace]
#0 [internal function]: Closure->{closure}()
#1 C:\\xampp\\htdocs\\GitHub\\ws_lumen\\vendor\\illuminate\\container\\BoundMethod.php(32): call_user_func_array(Object(Closure), Array)
#2 C:\\xampp\\htdocs\\GitHub\\ws_lumen\\vendor\\illuminate\\support\\helpers.php(520): Illuminate\\Container\\BoundMethod::Illuminate\\Container\\{closure}()
#3 C:\\xampp\\htdocs\\GitHub\\ws_lumen\\vendor\\illuminate\\container\\BoundMethod.php(78): value(Object(Closure))
#4 C:\\xampp\\htdocs\\GitHub\\ws_lumen\\vendor\\illuminate\\container\\BoundMethod.php(34): Illuminate\\Container\\BoundMethod::callBoundMethod(Object(Laravel\\Lumen\\Application), Object(Closure), Object(Closure))
#5 C:\\xampp\\htdocs\\GitHub\\ws_lumen\\vendor\\illuminate\\container\\Container.php(591): Illuminate\\Container\\BoundMethod::call(Object(Laravel\\Lumen\\Application), Object(Closure), Array, NULL)
#6 C:\\xampp\\htdocs\\GitHub\\ws_lumen\\vendor\\laravel\\lumen-framework\\src\\Concerns\\RoutesRequests.php(289): Illuminate\\Container\\Container->call(Object(Closure), Array)
#7 C:\\xampp\\htdocs\\GitHub\\ws_lumen\\vendor\\laravel\\lumen-framework\\src\\Concerns\\RoutesRequests.php(263): Laravel\\Lumen\\Application->callActionOnArrayBasedRoute(Array)
#8 C:\\xampp\\htdocs\\GitHub\\ws_lumen\\vendor\\laravel\\lumen-framework\\src\\Concerns\\RoutesRequests.php(165): Laravel\\Lumen\\Application->handleFoundRoute(Array)
#9 C:\\xampp\\htdocs\\GitHub\\ws_lumen\\vendor\\laravel\\lumen-framework\\src\\Concerns\\RoutesRequests.php(416): Laravel\\Lumen\\Application->Laravel\\Lumen\\Concerns\\{closure}(Object(Laravel\\Lumen\\Http\\Request))
#10 C:\\xampp\\htdocs\\GitHub\\ws_lumen\\vendor\\laravel\\lumen-framework\\src\\Concerns\\RoutesRequests.php(171): Laravel\\Lumen\\Application->sendThroughPipeline(Array, Object(Closure))
#11 C:\\xampp\\htdocs\\GitHub\\ws_lumen\\vendor\\laravel\\lumen-framework\\src\\Concerns\\RoutesRequests.php(108): Laravel\\Lumen\\Application->dispatch(NULL)
#12 C:\\xampp\\htdocs\\GitHub\\ws_lumen\\public\\index.php(28): Laravel\\Lumen\\Application->run()
#13 {main}
"} 
[2019-11-12 06:40:56] local.ERROR: Symfony\Component\Debug\Exception\FatalThrowableError: Call to undefined function str_random() in C:\xampp\htdocs\GitHub\ws_lumen\routes\web.php:19
Stack trace:
#0 [internal function]: Closure->{closure}()
#1 C:\xampp\htdocs\GitHub\ws_lumen\vendor\illuminate\container\BoundMethod.php(32): call_user_func_array(Object(Closure), Array)
#2 C:\xampp\htdocs\GitHub\ws_lumen\vendor\illuminate\support\helpers.php(520): Illuminate\Container\BoundMethod::Illuminate\Container\{closure}()
#3 C:\xampp\htdocs\GitHub\ws_lumen\vendor\illuminate\container\BoundMethod.php(78): value(Object(Closure))
#4 C:\xampp\htdocs\GitHub\ws_lumen\vendor\illuminate\container\BoundMethod.php(34): Illuminate\Container\BoundMethod::callBoundMethod(Object(Laravel\Lumen\Application), Object(Closure), Object(Closure))
#5 C:\xampp\htdocs\GitHub\ws_lumen\vendor\illuminate\container\Container.php(591): Illuminate\Container\BoundMethod::call(Object(Laravel\Lumen\Application), Object(Closure), Array, NULL)
#6 C:\xampp\htdocs\GitHub\ws_lumen\vendor\laravel\lumen-framework\src\Concerns\RoutesRequests.php(289): Illuminate\Container\Container->call(Object(Closure), Array)
#7 C:\xampp\htdocs\GitHub\ws_lumen\vendor\laravel\lumen-framework\src\Concerns\RoutesRequests.php(263): Laravel\Lumen\Application->callActionOnArrayBasedRoute(Array)
#8 C:\xampp\htdocs\GitHub\ws_lumen\vendor\laravel\lumen-framework\src\Concerns\RoutesRequests.php(165): Laravel\Lumen\Application->handleFoundRoute(Array)
#9 C:\xampp\htdocs\GitHub\ws_lumen\vendor\laravel\lumen-framework\src\Concerns\RoutesRequests.php(416): Laravel\Lumen\Application->Laravel\Lumen\Concerns\{closure}(Object(Laravel\Lumen\Http\Request))
#10 C:\xampp\htdocs\GitHub\ws_lumen\vendor\laravel\lumen-framework\src\Concerns\RoutesRequests.php(171): Laravel\Lumen\Application->sendThroughPipeline(Array, Object(Closure))
#11 C:\xampp\htdocs\GitHub\ws_lumen\vendor\laravel\lumen-framework\src\Concerns\RoutesRequests.php(108): Laravel\Lumen\Application->dispatch(NULL)
#12 C:\xampp\htdocs\GitHub\ws_lumen\public\index.php(28): Laravel\Lumen\Application->run()
#13 {main} {"exception":"[object] (Symfony\\Component\\Debug\\Exception\\FatalThrowableError(code: 0): Call to undefined function str_random() at C:\\xampp\\htdocs\\GitHub\\ws_lumen\outes\\web.php:19)
[stacktrace]
#0 [internal function]: Closure->{closure}()
#1 C:\\xampp\\htdocs\\GitHub\\ws_lumen\\vendor\\illuminate\\container\\BoundMethod.php(32): call_user_func_array(Object(Closure), Array)
#2 C:\\xampp\\htdocs\\GitHub\\ws_lumen\\vendor\\illuminate\\support\\helpers.php(520): Illuminate\\Container\\BoundMethod::Illuminate\\Container\\{closure}()
#3 C:\\xampp\\htdocs\\GitHub\\ws_lumen\\vendor\\illuminate\\container\\BoundMethod.php(78): value(Object(Closure))
#4 C:\\xampp\\htdocs\\GitHub\\ws_lumen\\vendor\\illuminate\\container\\BoundMethod.php(34): Illuminate\\Container\\BoundMethod::callBoundMethod(Object(Laravel\\Lumen\\Application), Object(Closure), Object(Closure))
#5 C:\\xampp\\htdocs\\GitHub\\ws_lumen\\vendor\\illuminate\\container\\Container.php(591): Illuminate\\Container\\BoundMethod::call(Object(Laravel\\Lumen\\Application), Object(Closure), Array, NULL)
#6 C:\\xampp\\htdocs\\GitHub\\ws_lumen\\vendor\\laravel\\lumen-framework\\src\\Concerns\\RoutesRequests.php(289): Illuminate\\Container\\Container->call(Object(Closure), Array)
#7 C:\\xampp\\htdocs\\GitHub\\ws_lumen\\vendor\\laravel\\lumen-framework\\src\\Concerns\\RoutesRequests.php(263): Laravel\\Lumen\\Application->callActionOnArrayBasedRoute(Array)
#8 C:\\xampp\\htdocs\\GitHub\\ws_lumen\\vendor\\laravel\\lumen-framework\\src\\Concerns\\RoutesRequests.php(165): Laravel\\Lumen\\Application->handleFoundRoute(Array)
#9 C:\\xampp\\htdocs\\GitHub\\ws_lumen\\vendor\\laravel\\lumen-framework\\src\\Concerns\\RoutesRequests.php(416): Laravel\\Lumen\\Application->Laravel\\Lumen\\Concerns\\{closure}(Object(Laravel\\Lumen\\Http\\Request))
#10 C:\\xampp\\htdocs\\GitHub\\ws_lumen\\vendor\\laravel\\lumen-framework\\src\\Concerns\\RoutesRequests.php(171): Laravel\\Lumen\\Application->sendThroughPipeline(Array, Object(Closure))
#11 C:\\xampp\\htdocs\\GitHub\\ws_lumen\\vendor\\laravel\\lumen-framework\\src\\Concerns\\RoutesRequests.php(108): Laravel\\Lumen\\Application->dispatch(NULL)
#12 C:\\xampp\\htdocs\\GitHub\\ws_lumen\\public\\index.php(28): Laravel\\Lumen\\Application->run()
#13 {main}
"} 
[2019-11-12 06:41:13] local.ERROR: Symfony\Component\Debug\Exception\FatalThrowableError: Call to undefined function str_random() in C:\xampp\htdocs\GitHub\ws_lumen\routes\web.php:19
Stack trace:
#0 [internal function]: Closure->{closure}()
#1 C:\xampp\htdocs\GitHub\ws_lumen\vendor\illuminate\container\BoundMethod.php(32): call_user_func_array(Object(Closure), Array)
#2 C:\xampp\htdocs\GitHub\ws_lumen\vendor\illuminate\support\helpers.php(520): Illuminate\Container\BoundMethod::Illuminate\Container\{closure}()
#3 C:\xampp\htdocs\GitHub\ws_lumen\vendor\illuminate\container\BoundMethod.php(78): value(Object(Closure))
#4 C:\xampp\htdocs\GitHub\ws_lumen\vendor\illuminate\container\BoundMethod.php(34): Illuminate\Container\BoundMethod::callBoundMethod(Object(Laravel\Lumen\Application), Object(Closure), Object(Closure))
#5 C:\xampp\htdocs\GitHub\ws_lumen\vendor\illuminate\container\Container.php(591): Illuminate\Container\BoundMethod::call(Object(Laravel\Lumen\Application), Object(Closure), Array, NULL)
#6 C:\xampp\htdocs\GitHub\ws_lumen\vendor\laravel\lumen-framework\src\Concerns\RoutesRequests.php(289): Illuminate\Container\Container->call(Object(Closure), Array)
#7 C:\xampp\htdocs\GitHub\ws_lumen\vendor\laravel\lumen-framework\src\Concerns\RoutesRequests.php(263): Laravel\Lumen\Application->callActionOnArrayBasedRoute(Array)
#8 C:\xampp\htdocs\GitHub\ws_lumen\vendor\laravel\lumen-framework\src\Concerns\RoutesRequests.php(165): Laravel\Lumen\Application->handleFoundRoute(Array)
#9 C:\xampp\htdocs\GitHub\ws_lumen\vendor\laravel\lumen-framework\src\Concerns\RoutesRequests.php(416): Laravel\Lumen\Application->Laravel\Lumen\Concerns\{closure}(Object(Laravel\Lumen\Http\Request))
#10 C:\xampp\htdocs\GitHub\ws_lumen\vendor\laravel\lumen-framework\src\Concerns\RoutesRequests.php(171): Laravel\Lumen\Application->sendThroughPipeline(Array, Object(Closure))
#11 C:\xampp\htdocs\GitHub\ws_lumen\vendor\laravel\lumen-framework\src\Concerns\RoutesRequests.php(108): Laravel\Lumen\Application->dispatch(NULL)
#12 C:\xampp\htdocs\GitHub\ws_lumen\public\index.php(28): Laravel\Lumen\Application->run()
#13 {main} {"exception":"[object] (Symfony\\Component\\Debug\\Exception\\FatalThrowableError(code: 0): Call to undefined function str_random() at C:\\xampp\\htdocs\\GitHub\\ws_lumen\outes\\web.php:19)
[stacktrace]
#0 [internal function]: Closure->{closure}()
#1 C:\\xampp\\htdocs\\GitHub\\ws_lumen\\vendor\\illuminate\\container\\BoundMethod.php(32): call_user_func_array(Object(Closure), Array)
#2 C:\\xampp\\htdocs\\GitHub\\ws_lumen\\vendor\\illuminate\\support\\helpers.php(520): Illuminate\\Container\\BoundMethod::Illuminate\\Container\\{closure}()
#3 C:\\xampp\\htdocs\\GitHub\\ws_lumen\\vendor\\illuminate\\container\\BoundMethod.php(78): value(Object(Closure))
#4 C:\\xampp\\htdocs\\GitHub\\ws_lumen\\vendor\\illuminate\\container\\BoundMethod.php(34): Illuminate\\Container\\BoundMethod::callBoundMethod(Object(Laravel\\Lumen\\Application), Object(Closure), Object(Closure))
#5 C:\\xampp\\htdocs\\GitHub\\ws_lumen\\vendor\\illuminate\\container\\Container.php(591): Illuminate\\Container\\BoundMethod::call(Object(Laravel\\Lumen\\Application), Object(Closure), Array, NULL)
#6 C:\\xampp\\htdocs\\GitHub\\ws_lumen\\vendor\\laravel\\lumen-framework\\src\\Concerns\\RoutesRequests.php(289): Illuminate\\Container\\Container->call(Object(Closure), Array)
#7 C:\\xampp\\htdocs\\GitHub\\ws_lumen\\vendor\\laravel\\lumen-framework\\src\\Concerns\\RoutesRequests.php(263): Laravel\\Lumen\\Application->callActionOnArrayBasedRoute(Array)
#8 C:\\xampp\\htdocs\\GitHub\\ws_lumen\\vendor\\laravel\\lumen-framework\\src\\Concerns\\RoutesRequests.php(165): Laravel\\Lumen\\Application->handleFoundRoute(Array)
#9 C:\\xampp\\htdocs\\GitHub\\ws_lumen\\vendor\\laravel\\lumen-framework\\src\\Concerns\\RoutesRequests.php(416): Laravel\\Lumen\\Application->Laravel\\Lumen\\Concerns\\{closure}(Object(Laravel\\Lumen\\Http\\Request))
#10 C:\\xampp\\htdocs\\GitHub\\ws_lumen\\vendor\\laravel\\lumen-framework\\src\\Concerns\\RoutesRequests.php(171): Laravel\\Lumen\\Application->sendThroughPipeline(Array, Object(Closure))
#11 C:\\xampp\\htdocs\\GitHub\\ws_lumen\\vendor\\laravel\\lumen-framework\\src\\Concerns\\RoutesRequests.php(108): Laravel\\Lumen\\Application->dispatch(NULL)
#12 C:\\xampp\\htdocs\\GitHub\\ws_lumen\\public\\index.php(28): Laravel\\Lumen\\Application->run()
#13 {main}
"} 
[2019-11-12 06:41:14] local.ERROR: Symfony\Component\Debug\Exception\FatalThrowableError: Call to undefined function str_random() in C:\xampp\htdocs\GitHub\ws_lumen\routes\web.php:19
Stack trace:
#0 [internal function]: Closure->{closure}()
#1 C:\xampp\htdocs\GitHub\ws_lumen\vendor\illuminate\container\BoundMethod.php(32): call_user_func_array(Object(Closure), Array)
#2 C:\xampp\htdocs\GitHub\ws_lumen\vendor\illuminate\support\helpers.php(520): Illuminate\Container\BoundMethod::Illuminate\Container\{closure}()
#3 C:\xampp\htdocs\GitHub\ws_lumen\vendor\illuminate\container\BoundMethod.php(78): value(Object(Closure))
#4 C:\xampp\htdocs\GitHub\ws_lumen\vendor\illuminate\container\BoundMethod.php(34): Illuminate\Container\BoundMethod::callBoundMethod(Object(Laravel\Lumen\Application), Object(Closure), Object(Closure))
#5 C:\xampp\htdocs\GitHub\ws_lumen\vendor\illuminate\container\Container.php(591): Illuminate\Container\BoundMethod::call(Object(Laravel\Lumen\Application), Object(Closure), Array, NULL)
#6 C:\xampp\htdocs\GitHub\ws_lumen\vendor\laravel\lumen-framework\src\Concerns\RoutesRequests.php(289): Illuminate\Container\Container->call(Object(Closure), Array)
#7 C:\xampp\htdocs\GitHub\ws_lumen\vendor\laravel\lumen-framework\src\Concerns\RoutesRequests.php(263): Laravel\Lumen\Application->callActionOnArrayBasedRoute(Array)
#8 C:\xampp\htdocs\GitHub\ws_lumen\vendor\laravel\lumen-framework\src\Concerns\RoutesRequests.php(165): Laravel\Lumen\Application->handleFoundRoute(Array)
#9 C:\xampp\htdocs\GitHub\ws_lumen\vendor\laravel\lumen-framework\src\Concerns\RoutesRequests.php(416): Laravel\Lumen\Application->Laravel\Lumen\Concerns\{closure}(Object(Laravel\Lumen\Http\Request))
#10 C:\xampp\htdocs\GitHub\ws_lumen\vendor\laravel\lumen-framework\src\Concerns\RoutesRequests.php(171): Laravel\Lumen\Application->sendThroughPipeline(Array, Object(Closure))
#11 C:\xampp\htdocs\GitHub\ws_lumen\vendor\laravel\lumen-framework\src\Concerns\RoutesRequests.php(108): Laravel\Lumen\Application->dispatch(NULL)
#12 C:\xampp\htdocs\GitHub\ws_lumen\public\index.php(28): Laravel\Lumen\Application->run()
#13 {main} {"exception":"[object] (Symfony\\Component\\Debug\\Exception\\FatalThrowableError(code: 0): Call to undefined function str_random() at C:\\xampp\\htdocs\\GitHub\\ws_lumen\outes\\web.php:19)
[stacktrace]
#0 [internal function]: Closure->{closure}()
#1 C:\\xampp\\htdocs\\GitHub\\ws_lumen\\vendor\\illuminate\\container\\BoundMethod.php(32): call_user_func_array(Object(Closure), Array)
#2 C:\\xampp\\htdocs\\GitHub\\ws_lumen\\vendor\\illuminate\\support\\helpers.php(520): Illuminate\\Container\\BoundMethod::Illuminate\\Container\\{closure}()
#3 C:\\xampp\\htdocs\\GitHub\\ws_lumen\\vendor\\illuminate\\container\\BoundMethod.php(78): value(Object(Closure))
#4 C:\\xampp\\htdocs\\GitHub\\ws_lumen\\vendor\\illuminate\\container\\BoundMethod.php(34): Illuminate\\Container\\BoundMethod::callBoundMethod(Object(Laravel\\Lumen\\Application), Object(Closure), Object(Closure))
#5 C:\\xampp\\htdocs\\GitHub\\ws_lumen\\vendor\\illuminate\\container\\Container.php(591): Illuminate\\Container\\BoundMethod::call(Object(Laravel\\Lumen\\Application), Object(Closure), Array, NULL)
#6 C:\\xampp\\htdocs\\GitHub\\ws_lumen\\vendor\\laravel\\lumen-framework\\src\\Concerns\\RoutesRequests.php(289): Illuminate\\Container\\Container->call(Object(Closure), Array)
#7 C:\\xampp\\htdocs\\GitHub\\ws_lumen\\vendor\\laravel\\lumen-framework\\src\\Concerns\\RoutesRequests.php(263): Laravel\\Lumen\\Application->callActionOnArrayBasedRoute(Array)
#8 C:\\xampp\\htdocs\\GitHub\\ws_lumen\\vendor\\laravel\\lumen-framework\\src\\Concerns\\RoutesRequests.php(165): Laravel\\Lumen\\Application->handleFoundRoute(Array)
#9 C:\\xampp\\htdocs\\GitHub\\ws_lumen\\vendor\\laravel\\lumen-framework\\src\\Concerns\\RoutesRequests.php(416): Laravel\\Lumen\\Application->Laravel\\Lumen\\Concerns\\{closure}(Object(Laravel\\Lumen\\Http\\Request))
#10 C:\\xampp\\htdocs\\GitHub\\ws_lumen\\vendor\\laravel\\lumen-framework\\src\\Concerns\\RoutesRequests.php(171): Laravel\\Lumen\\Application->sendThroughPipeline(Array, Object(Closure))
#11 C:\\xampp\\htdocs\\GitHub\\ws_lumen\\vendor\\laravel\\lumen-framework\\src\\Concerns\\RoutesRequests.php(108): Laravel\\Lumen\\Application->dispatch(NULL)
#12 C:\\xampp\\htdocs\\GitHub\\ws_lumen\\public\\index.php(28): Laravel\\Lumen\\Application->run()
#13 {main}
"} 
[2019-11-12 06:41:15] local.ERROR: Symfony\Component\Debug\Exception\FatalThrowableError: Call to undefined function str_random() in C:\xampp\htdocs\GitHub\ws_lumen\routes\web.php:19
Stack trace:
#0 [internal function]: Closure->{closure}()
#1 C:\xampp\htdocs\GitHub\ws_lumen\vendor\illuminate\container\BoundMethod.php(32): call_user_func_array(Object(Closure), Array)
#2 C:\xampp\htdocs\GitHub\ws_lumen\vendor\illuminate\support\helpers.php(520): Illuminate\Container\BoundMethod::Illuminate\Container\{closure}()
#3 C:\xampp\htdocs\GitHub\ws_lumen\vendor\illuminate\container\BoundMethod.php(78): value(Object(Closure))
#4 C:\xampp\htdocs\GitHub\ws_lumen\vendor\illuminate\container\BoundMethod.php(34): Illuminate\Container\BoundMethod::callBoundMethod(Object(Laravel\Lumen\Application), Object(Closure), Object(Closure))
#5 C:\xampp\htdocs\GitHub\ws_lumen\vendor\illuminate\container\Container.php(591): Illuminate\Container\BoundMethod::call(Object(Laravel\Lumen\Application), Object(Closure), Array, NULL)
#6 C:\xampp\htdocs\GitHub\ws_lumen\vendor\laravel\lumen-framework\src\Concerns\RoutesRequests.php(289): Illuminate\Container\Container->call(Object(Closure), Array)
#7 C:\xampp\htdocs\GitHub\ws_lumen\vendor\laravel\lumen-framework\src\Concerns\RoutesRequests.php(263): Laravel\Lumen\Application->callActionOnArrayBasedRoute(Array)
#8 C:\xampp\htdocs\GitHub\ws_lumen\vendor\laravel\lumen-framework\src\Concerns\RoutesRequests.php(165): Laravel\Lumen\Application->handleFoundRoute(Array)
#9 C:\xampp\htdocs\GitHub\ws_lumen\vendor\laravel\lumen-framework\src\Concerns\RoutesRequests.php(416): Laravel\Lumen\Application->Laravel\Lumen\Concerns\{closure}(Object(Laravel\Lumen\Http\Request))
#10 C:\xampp\htdocs\GitHub\ws_lumen\vendor\laravel\lumen-framework\src\Concerns\RoutesRequests.php(171): Laravel\Lumen\Application->sendThroughPipeline(Array, Object(Closure))
#11 C:\xampp\htdocs\GitHub\ws_lumen\vendor\laravel\lumen-framework\src\Concerns\RoutesRequests.php(108): Laravel\Lumen\Application->dispatch(NULL)
#12 C:\xampp\htdocs\GitHub\ws_lumen\public\index.php(28): Laravel\Lumen\Application->run()
#13 {main} {"exception":"[object] (Symfony\\Component\\Debug\\Exception\\FatalThrowableError(code: 0): Call to undefined function str_random() at C:\\xampp\\htdocs\\GitHub\\ws_lumen\outes\\web.php:19)
[stacktrace]
#0 [internal function]: Closure->{closure}()
#1 C:\\xampp\\htdocs\\GitHub\\ws_lumen\\vendor\\illuminate\\container\\BoundMethod.php(32): call_user_func_array(Object(Closure), Array)
#2 C:\\xampp\\htdocs\\GitHub\\ws_lumen\\vendor\\illuminate\\support\\helpers.php(520): Illuminate\\Container\\BoundMethod::Illuminate\\Container\\{closure}()
#3 C:\\xampp\\htdocs\\GitHub\\ws_lumen\\vendor\\illuminate\\container\\BoundMethod.php(78): value(Object(Closure))
#4 C:\\xampp\\htdocs\\GitHub\\ws_lumen\\vendor\\illuminate\\container\\BoundMethod.php(34): Illuminate\\Container\\BoundMethod::callBoundMethod(Object(Laravel\\Lumen\\Application), Object(Closure), Object(Closure))
#5 C:\\xampp\\htdocs\\GitHub\\ws_lumen\\vendor\\illuminate\\container\\Container.php(591): Illuminate\\Container\\BoundMethod::call(Object(Laravel\\Lumen\\Application), Object(Closure), Array, NULL)
#6 C:\\xampp\\htdocs\\GitHub\\ws_lumen\\vendor\\laravel\\lumen-framework\\src\\Concerns\\RoutesRequests.php(289): Illuminate\\Container\\Container->call(Object(Closure), Array)
#7 C:\\xampp\\htdocs\\GitHub\\ws_lumen\\vendor\\laravel\\lumen-framework\\src\\Concerns\\RoutesRequests.php(263): Laravel\\Lumen\\Application->callActionOnArrayBasedRoute(Array)
#8 C:\\xampp\\htdocs\\GitHub\\ws_lumen\\vendor\\laravel\\lumen-framework\\src\\Concerns\\RoutesRequests.php(165): Laravel\\Lumen\\Application->handleFoundRoute(Array)
#9 C:\\xampp\\htdocs\\GitHub\\ws_lumen\\vendor\\laravel\\lumen-framework\\src\\Concerns\\RoutesRequests.php(416): Laravel\\Lumen\\Application->Laravel\\Lumen\\Concerns\\{closure}(Object(Laravel\\Lumen\\Http\\Request))
#10 C:\\xampp\\htdocs\\GitHub\\ws_lumen\\vendor\\laravel\\lumen-framework\\src\\Concerns\\RoutesRequests.php(171): Laravel\\Lumen\\Application->sendThroughPipeline(Array, Object(Closure))
#11 C:\\xampp\\htdocs\\GitHub\\ws_lumen\\vendor\\laravel\\lumen-framework\\src\\Concerns\\RoutesRequests.php(108): Laravel\\Lumen\\Application->dispatch(NULL)
#12 C:\\xampp\\htdocs\\GitHub\\ws_lumen\\public\\index.php(28): Laravel\\Lumen\\Application->run()
#13 {main}
"} 
[2019-11-12 06:41:15] local.ERROR: Symfony\Component\Debug\Exception\FatalThrowableError: Call to undefined function str_random() in C:\xampp\htdocs\GitHub\ws_lumen\routes\web.php:19
Stack trace:
#0 [internal function]: Closure->{closure}()
#1 C:\xampp\htdocs\GitHub\ws_lumen\vendor\illuminate\container\BoundMethod.php(32): call_user_func_array(Object(Closure), Array)
#2 C:\xampp\htdocs\GitHub\ws_lumen\vendor\illuminate\support\helpers.php(520): Illuminate\Container\BoundMethod::Illuminate\Container\{closure}()
#3 C:\xampp\htdocs\GitHub\ws_lumen\vendor\illuminate\container\BoundMethod.php(78): value(Object(Closure))
#4 C:\xampp\htdocs\GitHub\ws_lumen\vendor\illuminate\container\BoundMethod.php(34): Illuminate\Container\BoundMethod::callBoundMethod(Object(Laravel\Lumen\Application), Object(Closure), Object(Closure))
#5 C:\xampp\htdocs\GitHub\ws_lumen\vendor\illuminate\container\Container.php(591): Illuminate\Container\BoundMethod::call(Object(Laravel\Lumen\Application), Object(Closure), Array, NULL)
#6 C:\xampp\htdocs\GitHub\ws_lumen\vendor\laravel\lumen-framework\src\Concerns\RoutesRequests.php(289): Illuminate\Container\Container->call(Object(Closure), Array)
#7 C:\xampp\htdocs\GitHub\ws_lumen\vendor\laravel\lumen-framework\src\Concerns\RoutesRequests.php(263): Laravel\Lumen\Application->callActionOnArrayBasedRoute(Array)
#8 C:\xampp\htdocs\GitHub\ws_lumen\vendor\laravel\lumen-framework\src\Concerns\RoutesRequests.php(165): Laravel\Lumen\Application->handleFoundRoute(Array)
#9 C:\xampp\htdocs\GitHub\ws_lumen\vendor\laravel\lumen-framework\src\Concerns\RoutesRequests.php(416): Laravel\Lumen\Application->Laravel\Lumen\Concerns\{closure}(Object(Laravel\Lumen\Http\Request))
#10 C:\xampp\htdocs\GitHub\ws_lumen\vendor\laravel\lumen-framework\src\Concerns\RoutesRequests.php(171): Laravel\Lumen\Application->sendThroughPipeline(Array, Object(Closure))
#11 C:\xampp\htdocs\GitHub\ws_lumen\vendor\laravel\lumen-framework\src\Concerns\RoutesRequests.php(108): Laravel\Lumen\Application->dispatch(NULL)
#12 C:\xampp\htdocs\GitHub\ws_lumen\public\index.php(28): Laravel\Lumen\Application->run()
#13 {main} {"exception":"[object] (Symfony\\Component\\Debug\\Exception\\FatalThrowableError(code: 0): Call to undefined function str_random() at C:\\xampp\\htdocs\\GitHub\\ws_lumen\outes\\web.php:19)
[stacktrace]
#0 [internal function]: Closure->{closure}()
#1 C:\\xampp\\htdocs\\GitHub\\ws_lumen\\vendor\\illuminate\\container\\BoundMethod.php(32): call_user_func_array(Object(Closure), Array)
#2 C:\\xampp\\htdocs\\GitHub\\ws_lumen\\vendor\\illuminate\\support\\helpers.php(520): Illuminate\\Container\\BoundMethod::Illuminate\\Container\\{closure}()
#3 C:\\xampp\\htdocs\\GitHub\\ws_lumen\\vendor\\illuminate\\container\\BoundMethod.php(78): value(Object(Closure))
#4 C:\\xampp\\htdocs\\GitHub\\ws_lumen\\vendor\\illuminate\\container\\BoundMethod.php(34): Illuminate\\Container\\BoundMethod::callBoundMethod(Object(Laravel\\Lumen\\Application), Object(Closure), Object(Closure))
#5 C:\\xampp\\htdocs\\GitHub\\ws_lumen\\vendor\\illuminate\\container\\Container.php(591): Illuminate\\Container\\BoundMethod::call(Object(Laravel\\Lumen\\Application), Object(Closure), Array, NULL)
#6 C:\\xampp\\htdocs\\GitHub\\ws_lumen\\vendor\\laravel\\lumen-framework\\src\\Concerns\\RoutesRequests.php(289): Illuminate\\Container\\Container->call(Object(Closure), Array)
#7 C:\\xampp\\htdocs\\GitHub\\ws_lumen\\vendor\\laravel\\lumen-framework\\src\\Concerns\\RoutesRequests.php(263): Laravel\\Lumen\\Application->callActionOnArrayBasedRoute(Array)
#8 C:\\xampp\\htdocs\\GitHub\\ws_lumen\\vendor\\laravel\\lumen-framework\\src\\Concerns\\RoutesRequests.php(165): Laravel\\Lumen\\Application->handleFoundRoute(Array)
#9 C:\\xampp\\htdocs\\GitHub\\ws_lumen\\vendor\\laravel\\lumen-framework\\src\\Concerns\\RoutesRequests.php(416): Laravel\\Lumen\\Application->Laravel\\Lumen\\Concerns\\{closure}(Object(Laravel\\Lumen\\Http\\Request))
#10 C:\\xampp\\htdocs\\GitHub\\ws_lumen\\vendor\\laravel\\lumen-framework\\src\\Concerns\\RoutesRequests.php(171): Laravel\\Lumen\\Application->sendThroughPipeline(Array, Object(Closure))
#11 C:\\xampp\\htdocs\\GitHub\\ws_lumen\\vendor\\laravel\\lumen-framework\\src\\Concerns\\RoutesRequests.php(108): Laravel\\Lumen\\Application->dispatch(NULL)
#12 C:\\xampp\\htdocs\\GitHub\\ws_lumen\\public\\index.php(28): Laravel\\Lumen\\Application->run()
#13 {main}
"} 
